<?xml version="1.0" encoding="UTF-8"?>
<!-- Generated by org.testng.reporters.JUnitXMLReporter -->
<testsuite hostname="DESKTOP-Q4NAHNC" ignored="4" name="Test" tests="1" failures="0" timestamp="2021-01-21T17:19:22 IST" time="0.125" errors="0">
  <testcase name="verifyTitle" time="0.026" classname="TestNGDemo.GroupingDemo"/>
  <testcase name="verifyLogout" time="0.0" classname="TestNGDemo.GroupingDemo">
    <ignored/>
  </testcase> <!-- verifyLogout -->
  <testcase name="verifyUrl" time="0.0" classname="TestNGDemo.GroupingDemo">
    <ignored/>
  </testcase> <!-- verifyUrl -->
  <testcase name="launchBrowser" time="0.0" classname="TestNGDemo.GroupingDemo">
    <ignored/>
  </testcase> <!-- launchBrowser -->
  <testcase name="verifyLogin" time="0.0" classname="TestNGDemo.GroupingDemo">
    <ignored/>
  </testcase> <!-- verifyLogin -->
</testsuite> <!-- Test -->
