<?xml version="1.0" encoding="UTF-8"?>
<testng-results skipped="0" failed="0" ignored="0" total="2" passed="2">
  <reporter-output>
  </reporter-output>
  <suite name="Suite" duration-ms="12022" started-at="2021-02-11T16:32:41 IST" finished-at="2021-02-11T16:32:53 IST">
    <groups>
    </groups>
    <test name="TestOnChrome" duration-ms="10288" started-at="2021-02-11T16:32:41 IST" finished-at="2021-02-11T16:32:51 IST">
      <class name="GridConcept.Browserlaunchremotemachine">
        <test-method status="PASS" signature="launchBrowser(java.lang.String)[pri:0, instance:GridConcept.Browserlaunchremotemachine@71bbf57e]" name="launchBrowser" duration-ms="10228" started-at="2021-02-11T16:32:41 IST" finished-at="2021-02-11T16:32:51 IST">
          <params>
            <param index="0">
              <value>
                <![CDATA[chrome]]>
              </value>
            </param>
          </params>
          <reporter-output>
          </reporter-output>
        </test-method> <!-- launchBrowser -->
      </class> <!-- GridConcept.Browserlaunchremotemachine -->
    </test> <!-- TestOnChrome -->
    <test name="TestOnFF" duration-ms="12022" started-at="2021-02-11T16:32:41 IST" finished-at="2021-02-11T16:32:53 IST">
      <class name="GridConcept.Browserlaunchremotemachine">
        <test-method status="PASS" signature="launchBrowser(java.lang.String)[pri:0, instance:GridConcept.Browserlaunchremotemachine@4493d195]" name="launchBrowser" duration-ms="11969" started-at="2021-02-11T16:32:41 IST" finished-at="2021-02-11T16:32:53 IST">
          <params>
            <param index="0">
              <value>
                <![CDATA[FF]]>
              </value>
            </param>
          </params>
          <reporter-output>
          </reporter-output>
        </test-method> <!-- launchBrowser -->
      </class> <!-- GridConcept.Browserlaunchremotemachine -->
    </test> <!-- TestOnFF -->
  </suite> <!-- Suite -->
</testng-results>
